<?xml version="1.0" encoding="UTF-8"?>
<!-- Generated by org.testng.reporters.JUnitReportReporter -->
<testsuite hostname="DESKTOP-1PPI9VV" failures="0" tests="1" name="testCases.TS_001_RegisterFunctionality" time="2.338" errors="0" timestamp="2022-01-23T17:18:11 EST" skipped="0">
  <testcase classname="testCases.TS_001_RegisterFunctionality" name="testRegister" time="2.338"/>
  <system-out/>
</testsuite> <!-- testCases.TS_001_RegisterFunctionality -->
